C:\USERS\JOHAN\DROPBOX\SPELPROGRAMMERING\TETRIS\TETRIS\DEBUG\EXAMPLE.OBJ
C:\USERS\JOHAN\DROPBOX\SPELPROGRAMMERING\TETRIS\TETRIS\DEBUG\GAME.OBJ
C:\USERS\JOHAN\DROPBOX\SPELPROGRAMMERING\TETRIS\TETRIS\DEBUG\GLWINDOW.OBJ
C:\USERS\JOHAN\DROPBOX\SPELPROGRAMMERING\TETRIS\TETRIS\DEBUG\INPUT.OBJ
C:\USERS\JOHAN\DROPBOX\SPELPROGRAMMERING\TETRIS\TETRIS\DEBUG\LOADTEXTURE.OBJ
C:\USERS\JOHAN\DROPBOX\SPELPROGRAMMERING\TETRIS\TETRIS\DEBUG\MAIN.OBJ
C:\USERS\JOHAN\DROPBOX\SPELPROGRAMMERING\TETRIS\TETRIS\DEBUG\PIECES.OBJ
C:\USERS\JOHAN\DROPBOX\SPELPROGRAMMERING\TETRIS\TETRIS\DEBUG\VC110.PDB
C:\USERS\JOHAN\DROPBOX\SPELPROGRAMMERING\TETRIS\TETRIS\DEBUG\GRAPHICS.OBJ
C:\USERS\JOHAN\DROPBOX\SPELPROGRAMMERING\TETRIS\DEBUG\TETRIS.ILK
C:\USERS\JOHAN\DROPBOX\SPELPROGRAMMERING\TETRIS\DEBUG\TETRIS.EXE
C:\USERS\JOHAN\DROPBOX\SPELPROGRAMMERING\TETRIS\DEBUG\TETRIS.PDB
C:\Users\Johan\Dropbox\Spelprogrammering\Tetris\Tetris\Debug\example.obj
C:\Users\Johan\Dropbox\Spelprogrammering\Tetris\Tetris\Debug\Game.obj
C:\Users\Johan\Dropbox\Spelprogrammering\Tetris\Tetris\Debug\GLWindow.obj
C:\Users\Johan\Dropbox\Spelprogrammering\Tetris\Tetris\Debug\Graphics.obj
C:\Users\Johan\Dropbox\Spelprogrammering\Tetris\Tetris\Debug\Input.obj
C:\Users\Johan\Dropbox\Spelprogrammering\Tetris\Tetris\Debug\loadTexture.obj
C:\Users\Johan\Dropbox\Spelprogrammering\Tetris\Tetris\Debug\main.obj
C:\Users\Johan\Dropbox\Spelprogrammering\Tetris\Tetris\Debug\pieces.obj
C:\Users\Johan\Dropbox\Spelprogrammering\Tetris\Tetris\Debug\cl.command.1.tlog
C:\Users\Johan\Dropbox\Spelprogrammering\Tetris\Tetris\Debug\CL.read.1.tlog
C:\Users\Johan\Dropbox\Spelprogrammering\Tetris\Tetris\Debug\CL.write.1.tlog
C:\Users\Johan\Dropbox\Spelprogrammering\Tetris\Tetris\Debug\link-cvtres.read.1.tlog
C:\Users\Johan\Dropbox\Spelprogrammering\Tetris\Tetris\Debug\link-cvtres.write.1.tlog
C:\Users\Johan\Dropbox\Spelprogrammering\Tetris\Tetris\Debug\link-rc.read.1.tlog
C:\Users\Johan\Dropbox\Spelprogrammering\Tetris\Tetris\Debug\link-rc.write.1.tlog
C:\Users\Johan\Dropbox\Spelprogrammering\Tetris\Tetris\Debug\link.1412-cvtres.read.1.tlog
C:\Users\Johan\Dropbox\Spelprogrammering\Tetris\Tetris\Debug\link.1412-cvtres.write.1.tlog
C:\Users\Johan\Dropbox\Spelprogrammering\Tetris\Tetris\Debug\link.1412-rc.read.1.tlog
C:\Users\Johan\Dropbox\Spelprogrammering\Tetris\Tetris\Debug\link.1412-rc.write.1.tlog
C:\Users\Johan\Dropbox\Spelprogrammering\Tetris\Tetris\Debug\link.1412.read.1.tlog
C:\Users\Johan\Dropbox\Spelprogrammering\Tetris\Tetris\Debug\link.1412.write.1.tlog
C:\Users\Johan\Dropbox\Spelprogrammering\Tetris\Tetris\Debug\link.3076-cvtres.read.1.tlog
C:\Users\Johan\Dropbox\Spelprogrammering\Tetris\Tetris\Debug\link.3076-cvtres.write.1.tlog
C:\Users\Johan\Dropbox\Spelprogrammering\Tetris\Tetris\Debug\link.3076-rc.read.1.tlog
C:\Users\Johan\Dropbox\Spelprogrammering\Tetris\Tetris\Debug\link.3076-rc.write.1.tlog
C:\Users\Johan\Dropbox\Spelprogrammering\Tetris\Tetris\Debug\link.3076.read.1.tlog
C:\Users\Johan\Dropbox\Spelprogrammering\Tetris\Tetris\Debug\link.3076.write.1.tlog
C:\Users\Johan\Dropbox\Spelprogrammering\Tetris\Tetris\Debug\link.3592-cvtres.read.1.tlog
C:\Users\Johan\Dropbox\Spelprogrammering\Tetris\Tetris\Debug\link.3592-cvtres.write.1.tlog
C:\Users\Johan\Dropbox\Spelprogrammering\Tetris\Tetris\Debug\link.3592-rc.read.1.tlog
C:\Users\Johan\Dropbox\Spelprogrammering\Tetris\Tetris\Debug\link.3592-rc.write.1.tlog
C:\Users\Johan\Dropbox\Spelprogrammering\Tetris\Tetris\Debug\link.3592.read.1.tlog
C:\Users\Johan\Dropbox\Spelprogrammering\Tetris\Tetris\Debug\link.3592.write.1.tlog
C:\Users\Johan\Dropbox\Spelprogrammering\Tetris\Tetris\Debug\link.4788-cvtres.read.1.tlog
C:\Users\Johan\Dropbox\Spelprogrammering\Tetris\Tetris\Debug\link.4788-cvtres.write.1.tlog
C:\Users\Johan\Dropbox\Spelprogrammering\Tetris\Tetris\Debug\link.4788-rc.read.1.tlog
C:\Users\Johan\Dropbox\Spelprogrammering\Tetris\Tetris\Debug\link.4788-rc.write.1.tlog
C:\Users\Johan\Dropbox\Spelprogrammering\Tetris\Tetris\Debug\link.4788.read.1.tlog
C:\Users\Johan\Dropbox\Spelprogrammering\Tetris\Tetris\Debug\link.4788.write.1.tlog
C:\Users\Johan\Dropbox\Spelprogrammering\Tetris\Tetris\Debug\link.5064-cvtres.read.1.tlog
C:\Users\Johan\Dropbox\Spelprogrammering\Tetris\Tetris\Debug\link.5064-cvtres.write.1.tlog
C:\Users\Johan\Dropbox\Spelprogrammering\Tetris\Tetris\Debug\link.5064-rc.read.1.tlog
C:\Users\Johan\Dropbox\Spelprogrammering\Tetris\Tetris\Debug\link.5064-rc.write.1.tlog
C:\Users\Johan\Dropbox\Spelprogrammering\Tetris\Tetris\Debug\link.5064.read.1.tlog
C:\Users\Johan\Dropbox\Spelprogrammering\Tetris\Tetris\Debug\link.5064.write.1.tlog
C:\Users\Johan\Dropbox\Spelprogrammering\Tetris\Tetris\Debug\link.5236-cvtres.read.1.tlog
C:\Users\Johan\Dropbox\Spelprogrammering\Tetris\Tetris\Debug\link.5236-cvtres.write.1.tlog
C:\Users\Johan\Dropbox\Spelprogrammering\Tetris\Tetris\Debug\link.5236-rc.read.1.tlog
C:\Users\Johan\Dropbox\Spelprogrammering\Tetris\Tetris\Debug\link.5236-rc.write.1.tlog
C:\Users\Johan\Dropbox\Spelprogrammering\Tetris\Tetris\Debug\link.5236.read.1.tlog
C:\Users\Johan\Dropbox\Spelprogrammering\Tetris\Tetris\Debug\link.5236.write.1.tlog
C:\Users\Johan\Dropbox\Spelprogrammering\Tetris\Tetris\Debug\link.5576-cvtres.read.1.tlog
C:\Users\Johan\Dropbox\Spelprogrammering\Tetris\Tetris\Debug\link.5576-cvtres.write.1.tlog
C:\Users\Johan\Dropbox\Spelprogrammering\Tetris\Tetris\Debug\link.5576-rc.read.1.tlog
C:\Users\Johan\Dropbox\Spelprogrammering\Tetris\Tetris\Debug\link.5576-rc.write.1.tlog
C:\Users\Johan\Dropbox\Spelprogrammering\Tetris\Tetris\Debug\link.5576.read.1.tlog
C:\Users\Johan\Dropbox\Spelprogrammering\Tetris\Tetris\Debug\link.5576.write.1.tlog
C:\Users\Johan\Dropbox\Spelprogrammering\Tetris\Tetris\Debug\link.5584-cvtres.read.1.tlog
C:\Users\Johan\Dropbox\Spelprogrammering\Tetris\Tetris\Debug\link.5584-cvtres.write.1.tlog
C:\Users\Johan\Dropbox\Spelprogrammering\Tetris\Tetris\Debug\link.5584-rc.read.1.tlog
C:\Users\Johan\Dropbox\Spelprogrammering\Tetris\Tetris\Debug\link.5584-rc.write.1.tlog
C:\Users\Johan\Dropbox\Spelprogrammering\Tetris\Tetris\Debug\link.5584.read.1.tlog
C:\Users\Johan\Dropbox\Spelprogrammering\Tetris\Tetris\Debug\link.5584.write.1.tlog
C:\Users\Johan\Dropbox\Spelprogrammering\Tetris\Tetris\Debug\link.5640-cvtres.read.1.tlog
C:\Users\Johan\Dropbox\Spelprogrammering\Tetris\Tetris\Debug\link.5640-cvtres.write.1.tlog
C:\Users\Johan\Dropbox\Spelprogrammering\Tetris\Tetris\Debug\link.5640-rc.read.1.tlog
C:\Users\Johan\Dropbox\Spelprogrammering\Tetris\Tetris\Debug\link.5640-rc.write.1.tlog
C:\Users\Johan\Dropbox\Spelprogrammering\Tetris\Tetris\Debug\link.5640.read.1.tlog
C:\Users\Johan\Dropbox\Spelprogrammering\Tetris\Tetris\Debug\link.5640.write.1.tlog
C:\Users\Johan\Dropbox\Spelprogrammering\Tetris\Tetris\Debug\link.580-cvtres.read.1.tlog
C:\Users\Johan\Dropbox\Spelprogrammering\Tetris\Tetris\Debug\link.580-cvtres.write.1.tlog
C:\Users\Johan\Dropbox\Spelprogrammering\Tetris\Tetris\Debug\link.580-rc.read.1.tlog
C:\Users\Johan\Dropbox\Spelprogrammering\Tetris\Tetris\Debug\link.580-rc.write.1.tlog
C:\Users\Johan\Dropbox\Spelprogrammering\Tetris\Tetris\Debug\link.580.read.1.tlog
C:\Users\Johan\Dropbox\Spelprogrammering\Tetris\Tetris\Debug\link.580.write.1.tlog
C:\Users\Johan\Dropbox\Spelprogrammering\Tetris\Tetris\Debug\link.592-cvtres.read.1.tlog
C:\Users\Johan\Dropbox\Spelprogrammering\Tetris\Tetris\Debug\link.592-cvtres.write.1.tlog
C:\Users\Johan\Dropbox\Spelprogrammering\Tetris\Tetris\Debug\link.592-rc.read.1.tlog
C:\Users\Johan\Dropbox\Spelprogrammering\Tetris\Tetris\Debug\link.592-rc.write.1.tlog
C:\Users\Johan\Dropbox\Spelprogrammering\Tetris\Tetris\Debug\link.592.read.1.tlog
C:\Users\Johan\Dropbox\Spelprogrammering\Tetris\Tetris\Debug\link.592.write.1.tlog
C:\Users\Johan\Dropbox\Spelprogrammering\Tetris\Tetris\Debug\link.6176-cvtres.read.1.tlog
C:\Users\Johan\Dropbox\Spelprogrammering\Tetris\Tetris\Debug\link.6176-cvtres.write.1.tlog
C:\Users\Johan\Dropbox\Spelprogrammering\Tetris\Tetris\Debug\link.6176-rc.read.1.tlog
C:\Users\Johan\Dropbox\Spelprogrammering\Tetris\Tetris\Debug\link.6176-rc.write.1.tlog
C:\Users\Johan\Dropbox\Spelprogrammering\Tetris\Tetris\Debug\link.6176.read.1.tlog
C:\Users\Johan\Dropbox\Spelprogrammering\Tetris\Tetris\Debug\link.6176.write.1.tlog
C:\Users\Johan\Dropbox\Spelprogrammering\Tetris\Tetris\Debug\link.6264-cvtres.read.1.tlog
C:\Users\Johan\Dropbox\Spelprogrammering\Tetris\Tetris\Debug\link.6264-cvtres.write.1.tlog
C:\Users\Johan\Dropbox\Spelprogrammering\Tetris\Tetris\Debug\link.6264-rc.read.1.tlog
C:\Users\Johan\Dropbox\Spelprogrammering\Tetris\Tetris\Debug\link.6264-rc.write.1.tlog
C:\Users\Johan\Dropbox\Spelprogrammering\Tetris\Tetris\Debug\link.6264.read.1.tlog
C:\Users\Johan\Dropbox\Spelprogrammering\Tetris\Tetris\Debug\link.6264.write.1.tlog
C:\Users\Johan\Dropbox\Spelprogrammering\Tetris\Tetris\Debug\link.6324-cvtres.read.1.tlog
C:\Users\Johan\Dropbox\Spelprogrammering\Tetris\Tetris\Debug\link.6324-cvtres.write.1.tlog
C:\Users\Johan\Dropbox\Spelprogrammering\Tetris\Tetris\Debug\link.6324-rc.read.1.tlog
C:\Users\Johan\Dropbox\Spelprogrammering\Tetris\Tetris\Debug\link.6324-rc.write.1.tlog
C:\Users\Johan\Dropbox\Spelprogrammering\Tetris\Tetris\Debug\link.6324.read.1.tlog
C:\Users\Johan\Dropbox\Spelprogrammering\Tetris\Tetris\Debug\link.6324.write.1.tlog
C:\Users\Johan\Dropbox\Spelprogrammering\Tetris\Tetris\Debug\link.6584-cvtres.read.1.tlog
C:\Users\Johan\Dropbox\Spelprogrammering\Tetris\Tetris\Debug\link.6584-cvtres.write.1.tlog
C:\Users\Johan\Dropbox\Spelprogrammering\Tetris\Tetris\Debug\link.6584-rc.read.1.tlog
C:\Users\Johan\Dropbox\Spelprogrammering\Tetris\Tetris\Debug\link.6584-rc.write.1.tlog
C:\Users\Johan\Dropbox\Spelprogrammering\Tetris\Tetris\Debug\link.6584.read.1.tlog
C:\Users\Johan\Dropbox\Spelprogrammering\Tetris\Tetris\Debug\link.6584.write.1.tlog
C:\Users\Johan\Dropbox\Spelprogrammering\Tetris\Tetris\Debug\link.6600-cvtres.read.1.tlog
C:\Users\Johan\Dropbox\Spelprogrammering\Tetris\Tetris\Debug\link.6600-cvtres.write.1.tlog
C:\Users\Johan\Dropbox\Spelprogrammering\Tetris\Tetris\Debug\link.6600-rc.read.1.tlog
C:\Users\Johan\Dropbox\Spelprogrammering\Tetris\Tetris\Debug\link.6600-rc.write.1.tlog
C:\Users\Johan\Dropbox\Spelprogrammering\Tetris\Tetris\Debug\link.6600.read.1.tlog
C:\Users\Johan\Dropbox\Spelprogrammering\Tetris\Tetris\Debug\link.6600.write.1.tlog
C:\Users\Johan\Dropbox\Spelprogrammering\Tetris\Tetris\Debug\link.6876-cvtres.read.1.tlog
C:\Users\Johan\Dropbox\Spelprogrammering\Tetris\Tetris\Debug\link.6876-cvtres.write.1.tlog
C:\Users\Johan\Dropbox\Spelprogrammering\Tetris\Tetris\Debug\link.6876-rc.read.1.tlog
C:\Users\Johan\Dropbox\Spelprogrammering\Tetris\Tetris\Debug\link.6876-rc.write.1.tlog
C:\Users\Johan\Dropbox\Spelprogrammering\Tetris\Tetris\Debug\link.6876.read.1.tlog
C:\Users\Johan\Dropbox\Spelprogrammering\Tetris\Tetris\Debug\link.6876.write.1.tlog
C:\Users\Johan\Dropbox\Spelprogrammering\Tetris\Tetris\Debug\link.7628-cvtres.read.1.tlog
C:\Users\Johan\Dropbox\Spelprogrammering\Tetris\Tetris\Debug\link.7628-cvtres.write.1.tlog
C:\Users\Johan\Dropbox\Spelprogrammering\Tetris\Tetris\Debug\link.7628-rc.read.1.tlog
C:\Users\Johan\Dropbox\Spelprogrammering\Tetris\Tetris\Debug\link.7628-rc.write.1.tlog
C:\Users\Johan\Dropbox\Spelprogrammering\Tetris\Tetris\Debug\link.7628.read.1.tlog
C:\Users\Johan\Dropbox\Spelprogrammering\Tetris\Tetris\Debug\link.7628.write.1.tlog
C:\Users\Johan\Dropbox\Spelprogrammering\Tetris\Tetris\Debug\link.7760-cvtres.read.1.tlog
C:\Users\Johan\Dropbox\Spelprogrammering\Tetris\Tetris\Debug\link.7760-cvtres.write.1.tlog
C:\Users\Johan\Dropbox\Spelprogrammering\Tetris\Tetris\Debug\link.7760-rc.read.1.tlog
C:\Users\Johan\Dropbox\Spelprogrammering\Tetris\Tetris\Debug\link.7760-rc.write.1.tlog
C:\Users\Johan\Dropbox\Spelprogrammering\Tetris\Tetris\Debug\link.7760.read.1.tlog
C:\Users\Johan\Dropbox\Spelprogrammering\Tetris\Tetris\Debug\link.7760.write.1.tlog
C:\Users\Johan\Dropbox\Spelprogrammering\Tetris\Tetris\Debug\link.7876-cvtres.read.1.tlog
C:\Users\Johan\Dropbox\Spelprogrammering\Tetris\Tetris\Debug\link.7876-cvtres.write.1.tlog
C:\Users\Johan\Dropbox\Spelprogrammering\Tetris\Tetris\Debug\link.7876-rc.read.1.tlog
C:\Users\Johan\Dropbox\Spelprogrammering\Tetris\Tetris\Debug\link.7876-rc.write.1.tlog
C:\Users\Johan\Dropbox\Spelprogrammering\Tetris\Tetris\Debug\link.7876.read.1.tlog
C:\Users\Johan\Dropbox\Spelprogrammering\Tetris\Tetris\Debug\link.7876.write.1.tlog
C:\Users\Johan\Dropbox\Spelprogrammering\Tetris\Tetris\Debug\link.7904-cvtres.read.1.tlog
C:\Users\Johan\Dropbox\Spelprogrammering\Tetris\Tetris\Debug\link.7904-cvtres.write.1.tlog
C:\Users\Johan\Dropbox\Spelprogrammering\Tetris\Tetris\Debug\link.7904-rc.read.1.tlog
C:\Users\Johan\Dropbox\Spelprogrammering\Tetris\Tetris\Debug\link.7904-rc.write.1.tlog
C:\Users\Johan\Dropbox\Spelprogrammering\Tetris\Tetris\Debug\link.7904.read.1.tlog
C:\Users\Johan\Dropbox\Spelprogrammering\Tetris\Tetris\Debug\link.7904.write.1.tlog
C:\Users\Johan\Dropbox\Spelprogrammering\Tetris\Tetris\Debug\link.8064-cvtres.read.1.tlog
C:\Users\Johan\Dropbox\Spelprogrammering\Tetris\Tetris\Debug\link.8064-cvtres.write.1.tlog
C:\Users\Johan\Dropbox\Spelprogrammering\Tetris\Tetris\Debug\link.8064-rc.read.1.tlog
C:\Users\Johan\Dropbox\Spelprogrammering\Tetris\Tetris\Debug\link.8064-rc.write.1.tlog
C:\Users\Johan\Dropbox\Spelprogrammering\Tetris\Tetris\Debug\link.8064.read.1.tlog
C:\Users\Johan\Dropbox\Spelprogrammering\Tetris\Tetris\Debug\link.8064.write.1.tlog
C:\Users\Johan\Dropbox\Spelprogrammering\Tetris\Tetris\Debug\link.8124-cvtres.read.1.tlog
C:\Users\Johan\Dropbox\Spelprogrammering\Tetris\Tetris\Debug\link.8124-cvtres.write.1.tlog
C:\Users\Johan\Dropbox\Spelprogrammering\Tetris\Tetris\Debug\link.8124-rc.read.1.tlog
C:\Users\Johan\Dropbox\Spelprogrammering\Tetris\Tetris\Debug\link.8124-rc.write.1.tlog
C:\Users\Johan\Dropbox\Spelprogrammering\Tetris\Tetris\Debug\link.8124.read.1.tlog
C:\Users\Johan\Dropbox\Spelprogrammering\Tetris\Tetris\Debug\link.8124.write.1.tlog
C:\Users\Johan\Dropbox\Spelprogrammering\Tetris\Tetris\Debug\link.8300-cvtres.read.1.tlog
C:\Users\Johan\Dropbox\Spelprogrammering\Tetris\Tetris\Debug\link.8300-cvtres.write.1.tlog
C:\Users\Johan\Dropbox\Spelprogrammering\Tetris\Tetris\Debug\link.8300-rc.read.1.tlog
C:\Users\Johan\Dropbox\Spelprogrammering\Tetris\Tetris\Debug\link.8300-rc.write.1.tlog
C:\Users\Johan\Dropbox\Spelprogrammering\Tetris\Tetris\Debug\link.8300.read.1.tlog
C:\Users\Johan\Dropbox\Spelprogrammering\Tetris\Tetris\Debug\link.8300.write.1.tlog
C:\Users\Johan\Dropbox\Spelprogrammering\Tetris\Tetris\Debug\link.8708-cvtres.read.1.tlog
C:\Users\Johan\Dropbox\Spelprogrammering\Tetris\Tetris\Debug\link.8708-cvtres.write.1.tlog
C:\Users\Johan\Dropbox\Spelprogrammering\Tetris\Tetris\Debug\link.8708-rc.read.1.tlog
C:\Users\Johan\Dropbox\Spelprogrammering\Tetris\Tetris\Debug\link.8708-rc.write.1.tlog
C:\Users\Johan\Dropbox\Spelprogrammering\Tetris\Tetris\Debug\link.8708.read.1.tlog
C:\Users\Johan\Dropbox\Spelprogrammering\Tetris\Tetris\Debug\link.8708.write.1.tlog
C:\Users\Johan\Dropbox\Spelprogrammering\Tetris\Tetris\Debug\link.8732-cvtres.read.1.tlog
C:\Users\Johan\Dropbox\Spelprogrammering\Tetris\Tetris\Debug\link.8732-cvtres.write.1.tlog
C:\Users\Johan\Dropbox\Spelprogrammering\Tetris\Tetris\Debug\link.8732-rc.read.1.tlog
C:\Users\Johan\Dropbox\Spelprogrammering\Tetris\Tetris\Debug\link.8732-rc.write.1.tlog
C:\Users\Johan\Dropbox\Spelprogrammering\Tetris\Tetris\Debug\link.8732.read.1.tlog
C:\Users\Johan\Dropbox\Spelprogrammering\Tetris\Tetris\Debug\link.8732.write.1.tlog
C:\Users\Johan\Dropbox\Spelprogrammering\Tetris\Tetris\Debug\link.8896-cvtres.read.1.tlog
C:\Users\Johan\Dropbox\Spelprogrammering\Tetris\Tetris\Debug\link.8896-cvtres.write.1.tlog
C:\Users\Johan\Dropbox\Spelprogrammering\Tetris\Tetris\Debug\link.8896-rc.read.1.tlog
C:\Users\Johan\Dropbox\Spelprogrammering\Tetris\Tetris\Debug\link.8896-rc.write.1.tlog
C:\Users\Johan\Dropbox\Spelprogrammering\Tetris\Tetris\Debug\link.8896.read.1.tlog
C:\Users\Johan\Dropbox\Spelprogrammering\Tetris\Tetris\Debug\link.8896.write.1.tlog
C:\Users\Johan\Dropbox\Spelprogrammering\Tetris\Tetris\Debug\link.932-cvtres.read.1.tlog
C:\Users\Johan\Dropbox\Spelprogrammering\Tetris\Tetris\Debug\link.932-cvtres.write.1.tlog
C:\Users\Johan\Dropbox\Spelprogrammering\Tetris\Tetris\Debug\link.932-rc.read.1.tlog
C:\Users\Johan\Dropbox\Spelprogrammering\Tetris\Tetris\Debug\link.932-rc.write.1.tlog
C:\Users\Johan\Dropbox\Spelprogrammering\Tetris\Tetris\Debug\link.932.read.1.tlog
C:\Users\Johan\Dropbox\Spelprogrammering\Tetris\Tetris\Debug\link.932.write.1.tlog
C:\Users\Johan\Dropbox\Spelprogrammering\Tetris\Tetris\Debug\link.command.1.tlog
C:\Users\Johan\Dropbox\Spelprogrammering\Tetris\Tetris\Debug\link.read.1.tlog
C:\Users\Johan\Dropbox\Spelprogrammering\Tetris\Tetris\Debug\link.write.1.tlog
C:\Users\Johan\Dropbox\Spelprogrammering\Tetris\Tetris\Debug\vc110.idb
C:\Users\Johan\Dropbox\Spelprogrammering\Tetris\Tetris\Debug\vc110.pdb
C:\Users\Johan\Dropbox\Spelprogrammering\Tetris\Debug\Tetris.pdb
C:\Users\Johan\Dropbox\Spelprogrammering\Tetris\Debug\Tetris.exe
C:\Users\Johan\Dropbox\Spelprogrammering\Tetris\Debug\Tetris.ilk
