Build started 2014-04-23 19:28:31.
     1>Project "C:\Users\Johan\Desktop\Tetris\Tetris\Tetris.vcxproj" on node 2 (Build target(s)).
     1>ClCompile:
         C:\Program Files (x86)\Microsoft Visual Studio 11.0\VC\bin\CL.exe /c /ZI /nologo /W3 /WX- /Od /Oy- /D WIN32 /D _DEBUG /D _WINDOWS /D _MBCS /Gm /EHsc /RTC1 /MDd /GS /fp:precise /Zc:wchar_t /Zc:forScope /Fo"Debug\\" /Fd"Debug\vc110.pdb" /Gd /TP /analyze- /errorReport:prompt Graphics.cpp Game.cpp GLWindow.cpp Input.cpp loadTexture.cpp main.cpp pieces.cpp
         pieces.cpp
         main.cpp
         loadTexture.cpp
         Input.cpp
         GLWindow.cpp
     1>c:\users\johan\desktop\tetris\tetris\glwindow.cpp(236): warning C4244: 'initializing' : conversion from 'double' to 'float', possible loss of data
         Game.cpp
     1>c:\users\johan\desktop\tetris\tetris\game.cpp(29): warning C4244: 'argument' : conversion from 'time_t' to 'unsigned int', possible loss of data
     1>c:\users\johan\desktop\tetris\tetris\game.cpp(89): warning C4244: 'initializing' : conversion from 'float' to 'int', possible loss of data
         Graphics.cpp
     1>c:\users\johan\desktop\tetris\tetris\graphics.cpp(97): warning C4101: 'result' : unreferenced local variable
     1>c:\users\johan\desktop\tetris\tetris\graphics.cpp(126): warning C4996: 'itoa': The POSIX name for this item is deprecated. Instead, use the ISO C++ conformant name: _itoa. See online help for details.
                 c:\program files (x86)\microsoft visual studio 11.0\vc\include\stdlib.h(909) : see declaration of 'itoa'
     1>c:\users\johan\desktop\tetris\tetris\graphics.cpp(127): warning C4996: 'itoa': The POSIX name for this item is deprecated. Instead, use the ISO C++ conformant name: _itoa. See online help for details.
                 c:\program files (x86)\microsoft visual studio 11.0\vc\include\stdlib.h(909) : see declaration of 'itoa'
     1>c:\users\johan\desktop\tetris\tetris\graphics.cpp(157): warning C4244: 'initializing' : conversion from 'double' to 'float', possible loss of data
     1>c:\users\johan\desktop\tetris\tetris\graphics.cpp(238): warning C4244: 'initializing' : conversion from 'double' to 'const float', possible loss of data
     1>c:\users\johan\desktop\tetris\tetris\graphics.cpp(324): warning C4305: 'initializing' : truncation from 'double' to 'const float'
     1>c:\users\johan\desktop\tetris\tetris\graphics.cpp(325): warning C4305: 'initializing' : truncation from 'double' to 'const float'
     1>c:\users\johan\desktop\tetris\tetris\graphics.cpp(326): warning C4305: 'initializing' : truncation from 'double' to 'const float'
         Generating Code...
       Link:
         C:\Program Files (x86)\Microsoft Visual Studio 11.0\VC\bin\link.exe /ERRORREPORT:PROMPT /OUT:"C:\Users\Johan\Desktop\Tetris\Debug\Tetris.exe" /INCREMENTAL /NOLOGO SOIL.lib opengl32.lib glew32.lib kernel32.lib user32.lib gdi32.lib winspool.lib comdlg32.lib advapi32.lib shell32.lib ole32.lib oleaut32.lib uuid.lib odbc32.lib odbccp32.lib /MANIFEST /MANIFESTUAC:"level='asInvoker' uiAccess='false'" /manifest:embed /DEBUG /PDB:"C:\Users\Johan\Desktop\Tetris\Debug\Tetris.pdb" /SUBSYSTEM:WINDOWS /TLBID:1 /DYNAMICBASE /NXCOMPAT /IMPLIB:"C:\Users\Johan\Desktop\Tetris\Debug\Tetris.lib" /MACHINE:X86 Debug\Graphics.obj
         Debug\Game.obj
         Debug\GLWindow.obj
         Debug\Input.obj
         Debug\loadTexture.obj
         Debug\main.obj
         Debug\pieces.obj
         Tetris.vcxproj -> C:\Users\Johan\Desktop\Tetris\Debug\Tetris.exe
     1>Done Building Project "C:\Users\Johan\Desktop\Tetris\Tetris\Tetris.vcxproj" (Build target(s)).

Build succeeded.

Time Elapsed 00:00:03.35
